
Showing logs for build [32mcb-kubecd-environment-pr-158-50-znn9w-1[0m stage [32mfrom-build-pack[0m and container [32mstep-credential-initializer-qmsd5[0m
{"level":"warn","ts":1581934641.2903094,"logger":"fallback-logger","caller":"logging/config.go:69","msg":"Fetch GitHub commit ID from kodata failed: \"ref: refs/heads/0.8.0-**-support-backwards-incompats\" is not a valid GitHub commit ID"}
{"level":"info","ts":1581934641.292718,"logger":"fallback-logger","caller":"creds-init/main.go:40","msg":"Credentials initialized."}

Showing logs for build [32mcb-kubecd-environment-pr-158-50-znn9w-1[0m stage [32mfrom-build-pack[0m and container [32mstep-working-dir-initializer-l5hlc[0m
{"level":"warn","ts":1581934642.4226,"logger":"fallback-logger","caller":"logging/config.go:69","msg":"Fetch GitHub commit ID from kodata failed: open /var/run/ko/HEAD: no such file or directory"}
{"level":"info","ts":1581934642.4241517,"logger":"fallback-logger","caller":"bash/main.go:64","msg":"Successfully executed command \"sh -c mkdir -p /workspace/source\"; output "}

Showing logs for build [32mcb-kubecd-environment-pr-158-50-znn9w-1[0m stage [32mfrom-build-pack[0m and container [32mstep-place-tools[0m

Showing logs for build [32mcb-kubecd-environment-pr-158-50-znn9w-1[0m stage [32mfrom-build-pack[0m and container [32mstep-git-source-cb-kubecd-environment-pr-158-50-znn9w-cm7q4[0m
{"level":"warn","ts":1581934645.450245,"logger":"fallback-logger","caller":"logging/config.go:69","msg":"Fetch GitHub commit ID from kodata failed: \"ref: refs/heads/0.8.0-**-support-backwards-incompats\" is not a valid GitHub commit ID"}
{"level":"info","ts":1581934646.486354,"logger":"fallback-logger","caller":"git/git.go:103","msg":"Successfully cloned https://github.com/cb-kubecd/environment-pr-158-50-boot-vault-gke-production.git @ master in path /workspace/source"}

Showing logs for build [32mcb-kubecd-environment-pr-158-50-znn9w-1[0m stage [32mfrom-build-pack[0m and container [32mstep-git-merge[0m
Using SHAs from PULL_REFS=master:5c470d750e2c8e7356c3033658ee560f9b34a93c,1:8c85622ab66e0cfafa665780feae4dbc3154c001
DEBUG: LC_ALL=C JX_LOG_LEVEL=error git fetch origin --unshallow 8c85622ab66e0cfafa665780feae4dbc3154c001: 5c470d750e2c8e7356c3033658ee560f9b34a93c:
DEBUG: ran git fetch --unshallow origin 8c85622ab66e0cfafa665780feae4dbc3154c001: 5c470d750e2c8e7356c3033658ee560f9b34a93c: in 
DEBUG: LC_ALL=C JX_LOG_LEVEL=error git branch
DEBUG: LC_ALL=C JX_LOG_LEVEL=error git checkout master
DEBUG: ran git checkout master in 
DEBUG: LC_ALL=C JX_LOG_LEVEL=error git reset --hard 5c470d750e2c8e7356c3033658ee560f9b34a93c
DEBUG: ran git reset --hard 5c470d750e2c8e7356c3033658ee560f9b34a93c in 
DEBUG: LC_ALL=C JX_LOG_LEVEL=error git clean -fd .
DEBUG: ran clean --force -d . in 
DEBUG: LC_ALL=C JX_LOG_LEVEL=error git merge 8c85622ab66e0cfafa665780feae4dbc3154c001
DEBUG: ran git merge 8c85622ab66e0cfafa665780feae4dbc3154c001 in 
DEBUG: LC_ALL=C JX_LOG_LEVEL=error git log --format=%H%x1f%an%x1f%ae%x1f%cn%x1f%ce%x1f%s%n%b%x1e 5c470d750e2c8e7356c3033658ee560f9b34a93c..HEAD
Merged SHA 8c85622ab66e0cfafa665780feae4dbc3154c001 with commit message 'chore: Promote bdd-spring-1581933497 to version 0.0.1' into base branch master

Showing logs for build [32mcb-kubecd-environment-pr-158-50-znn9w-1[0m stage [32mfrom-build-pack[0m and container [32mstep-build-helm-build[0m
WARNING: No $CHART_REPOSITORY defined so using the default value of: http://jenkins-x-chartmuseum:8080
Adding missing Helm repo: storage.googleapis.com https://storage.googleapis.com/chartmuseum.jenkins-x.io
WARNING: No secrets found on "helm/repos" due: reading the secret "helm/repos" from vault: no secret "helm/repos" not found in vault
Read credentials for https://storage.googleapis.com/chartmuseum.jenkins-x.io from vault helm/repos
Successfully added Helm repository storage.googleapis.com.
Adding missing Helm repo: jenkins-x-chartmuseum http://jenkins-x-chartmuseum:8080
WARNING: No secrets found on "helm/repos" due: reading the secret "helm/repos" from vault: no secret "helm/repos" not found in vault
Read credentials for http://jenkins-x-chartmuseum:8080 from vault helm/repos
Successfully added Helm repository jenkins-x-chartmuseum.
WARNING: No $CHART_REPOSITORY defined so using the default value of: http://jenkins-x-chartmuseum:8080
Adding missing Helm repo: chartmuseum.jenkins-x.io http://chartmuseum.jenkins-x.io
WARNING: No secrets found on "helm/repos" due: reading the secret "helm/repos" from vault: no secret "helm/repos" not found in vault
Read credentials for http://chartmuseum.jenkins-x.io from vault helm/repos
Successfully added Helm repository chartmuseum.jenkins-x.io.
